make all --print-data-base --no-builtin-variables --no-builtin-rules --question
# GNU Make 4.2.1
# Built for x86_64-pc-linux-gnu
# Copyright (C) 1988-2016 Free Software Foundation, Inc.
# License GPLv3+: GNU GPL version 3 or later <http://gnu.org/licenses/gpl.html>
# This is free software: you are free to change and redistribute it.
# There is NO WARRANTY, to the extent permitted by law.

# Make data base, printed on Fri Jun 17 12:58:24 2022

# Variables

# automatic
<D = $(patsubst %/,%,$(dir $<))
# automatic
?F = $(notdir $?)
# environment
DESKTOP_SESSION = ubuntu
# default
.SHELLFLAGS := -c
# makefile (from 'Makefile', line 38)
OBJ = ${patsubst srcs/%, obj/%, $(SRC:.c=.o)}
# environment
XDG_SESSION_CLASS = user
# makefile (from 'Makefile', line 14)
SRC = srcs/calc/ft_pytha.c srcs/calc/ft_range.c srcs/calc/ft_thales.c srcs/calc/ft_vc.c srcs/calc/ft_hc.c srcs/disp/ft_screen.c srcs/disp/ft_window.c srcs/move/ft_entry_key.c srcs/move/ft_position.c srcs/parsing/ft_check_file_name.c srcs/parsing/ft_parsing_map_data.c srcs/parsing/ft_parsing_map_map.c srcs/parsing/ft_parsing_map_utils.c srcs/parsing/ft_parsing_map.c srcs/parsing/ft_parsing_utils.c srcs/parsing/ft_structs.c srcs/utils/ft_error_1.c srcs/utils/ft_utils.c 
# environment
XDG_SESSION_TYPE = x11
# environment
VSCODE_LOG_NATIVE = false
# automatic
?D = $(patsubst %/,%,$(dir $?))
# automatic
@D = $(patsubst %/,%,$(dir $@))
# environment
XAUTHORITY = /mnt/nfs/homes/guderram/.Xauthority
# environment
GDMSESSION = ubuntu
# environment
XMODIFIERS = @im=ibus
# makefile
CURDIR := /mnt/nfs/homes/guderram/42/cub3d
# makefile
SHELL = /bin/sh
# makefile (from 'Makefile', line 48)
RM = rm -rf
# environment
VTE_VERSION = 6003
# environment
VSCODE_NLS_CONFIG = {"locale":"fr","availableLanguages":{"*":"fr"},"_languagePackId":"25fe6a3290ec415596628d4afc87a88c.fr","_translationsConfigFile":"/mnt/nfs/homes/guderram/.config/Code/clp/25fe6a3290ec415596628d4afc87a88c.fr/tcf.json","_cacheRoot":"/mnt/nfs/homes/guderram/.config/Code/clp/25fe6a3290ec415596628d4afc87a88c.fr","_resolvedLanguagePackCoreLocation":"/mnt/nfs/homes/guderram/.config/Code/clp/25fe6a3290ec415596628d4afc87a88c.fr/30d9c6cd9483b2cc586687151bcbcd635f373630","_corruptedFile":"/mnt/nfs/homes/guderram/.config/Code/clp/25fe6a3290ec415596628d4afc87a88c.fr/corrupted.info","_languagePackSupport":true}
# environment
_ = /usr/bin/code
# makefile (from 'Makefile', line 49)
CFLAGS = -Wall -Werror -Wextra
# environment
JOURNAL_STREAM = 9:154909
# environment
XDG_CONFIG_DIRS = /etc/xdg/xdg-ubuntu:/etc/xdg
# makefile (from 'Makefile', line 1)
MAKEFILE_LIST :=  Makefile
# makefile (from 'Makefile', line 43)
LIB_FLAGS = -L $(LIBFT_DIR)
# automatic
@F = $(notdir $@)
# environment
IM_CONFIG_PHASE = 1
# 'override' directive
GNUMAKEFLAGS := 
# environment
MANDATORY_PATH = /usr/share/gconf/ubuntu.mandatory.path
# environment
XDG_DATA_DIRS = /usr/share/gnome:/usr/share/ubuntu:/mnt/nfs/homes/guderram/.local/share/flatpak/exports/share:/var/lib/flatpak/exports/share:/usr/local/share:/usr/share:/var/lib/snapd/desktop
# environment
DBUS_SESSION_BUS_ADDRESS = unix:path=/run/user/32509/bus
# environment
VSCODE_VERBOSE_LOGGING = true
# environment
MANAGERPID = 43136
# environment
VSCODE_IPC_HOOK_EXTHOST = /run/user/32509/vscode-ipc-3ee65bac-c7db-4165-a06f-9f2e7124bab6.sock
# environment
VSCODE_CWD = /mnt/nfs/homes/guderram/42/cub3d
# environment
XDG_SESSION_PATH = /org/freedesktop/DisplayManager/Session0
# environment
KRB5CCNAME = FILE:/tmp/krb5cc_32509_ALEq97
# default
MAKE_HOST := x86_64-pc-linux-gnu
# environment
PATH = /mnt/nfs/homes/guderram/bin:/usr/local/sbin:/usr/local/bin:/usr/sbin:/usr/bin:/sbin:/bin:/usr/games:/usr/local/games:/snap/bin
# environment
GPG_AGENT_INFO = /run/user/32509/gnupg/S.gpg-agent:0:1
# environment
SESSION_MANAGER = local/e1r10p6.42.fr:@/tmp/.ICE-unix/43596,unix/e1r10p6.42.fr:/tmp/.ICE-unix/43596
# environment
XDG_RUNTIME_DIR = /run/user/32509
# environment
XDG_MENU_PREFIX = gnome-
# environment
VSCODE_LOG_STACK = false
# environment
ELECTRON_RUN_AS_NODE = 1
# environment
INVOCATION_ID = a6f8db6c6e784630a0ebb516fed74f66
# default
.FEATURES := target-specific order-only second-expansion else-if shortest-stem undefine oneshell archives jobserver output-sync check-symlink load
# makefile (from 'Makefile', line 42)
LIBFT_DIR = ./libft/
# environment
XDG_GREETER_DATA_DIR = /var/lib/lightdm-data/guderram
# environment
XDG_SESSION_DESKTOP = ubuntu
# environment
SSH_AUTH_SOCK = /run/user/32509/keyring/ssh
# automatic
%F = $(notdir $%)
# environment
DISPLAY = :0
# makefile (from 'Makefile', line 6)
MLXFLAGS = -I /usr/X11/include -g -L /usr/X11/lib -lX11 -lmlx -lXext -Lmlx -lmlx  -lXext -lX11 -lm
# environment
VSCODE_PIPE_LOGGING = true
# environment
PWD = /mnt/nfs/homes/guderram/42/cub3d
# default
.LOADED := 
# environment
SSH_AGENT_PID = 43558
# makefile (from 'Makefile', line 55)
DONE = @echo "cub3D ready to use!"
# environment
ORIGINAL_XDG_CURRENT_DESKTOP = ubuntu:GNOME
# makefile (from 'Makefile', line 34)
MAIN_C = srcs/main.c 
# environment
GTK_MODULES = gail:atk-bridge
# environment
VSCODE_AMD_ENTRYPOINT = vs/workbench/api/node/extensionHostProcess
# environment
HOME = /mnt/nfs/homes/guderram
# environment
VSCODE_CLI = 1
# environment
VSCODE_CODE_CACHE_PATH = /mnt/nfs/homes/guderram/.config/Code/CachedData/30d9c6cd9483b2cc586687151bcbcd635f373630
# environment
LOGNAME = guderram
# environment
APPLICATION_INSIGHTS_NO_DIAGNOSTIC_CHANNEL = 1
# environment
ELECTRON_NO_ATTACH_CONSOLE = 1
# environment
VSCODE_HANDLES_UNCAUGHT_ERRORS = true
# environment
GNOME_DESKTOP_SESSION_ID = this-is-deprecated
# automatic
^D = $(patsubst %/,%,$(dir $^))
# environment
MAKELEVEL := 0
# environment
COLORTERM = truecolor
# default
MAKE = $(MAKE_COMMAND)
# default
MAKECMDGOALS := all
# environment
QT_IM_MODULE = ibus
# environment
SHLVL = 1
# makefile (from 'Makefile', line 41)
LIBFT = -L libft/libft.a
# makefile (from 'Makefile', line 53)
CLEAN_O = @echo "Object files removed!"
# makefile (from 'Makefile', line 47)
CC = gcc
# default
MAKE_VERSION := 4.2.1
# environment
USER = guderram
# makefile
.DEFAULT_GOAL := all
# environment
XDG_CURRENT_DESKTOP = Unity
# environment
LIBVIRT_DEFAULT_URI = qemu:///system
# automatic
%D = $(patsubst %/,%,$(dir $%))
# default
MAKE_COMMAND := make
# makefile (from 'Makefile', line 44)
INC = -I ./inc/ -I $(LIBFT_DIR)
# environment
OLDPWD = /mnt/nfs/homes/guderram/42/cub3d/mlx
# default
.VARIABLES := 
# automatic
*F = $(notdir $*)
# environment
XDG_SEAT_PATH = /org/freedesktop/DisplayManager/Seat0
# environment
VSCODE_IPC_HOOK = /run/user/32509/vscode-c015ace9-1.68.1-main.sock
# makefile
MAKEFLAGS = pqrR
# environment
MFLAGS = -pqrR
# automatic
*D = $(patsubst %/,%,$(dir $*))
# automatic
+D = $(patsubst %/,%,$(dir $+))
# environment
GDK_BACKEND = x11
# automatic
+F = $(notdir $+)
# makefile (from 'Makefile', line 54)
CLEAN_A = @echo "Executables removed!"
# environment
QT_ACCESSIBILITY = 1
# environment
DEFAULTS_PATH = /usr/share/gconf/ubuntu.default.path
# default
MAKEFILES := 
# automatic
<F = $(notdir $<)
# environment
LC_ALL = C
# environment
GJS_DEBUG_TOPICS = JS ERROR;JS LOG
# environment
GNOME_TERMINAL_SCREEN = /org/gnome/Terminal/screen/0669b470_7ea4_4bbd_b39c_01e00dfb2d02
# automatic
^F = $(notdir $^)
# environment
GNOME_TERMINAL_SERVICE = :1.129
# default
SUFFIXES := 
# environment
CHROME_DESKTOP = code-url-handler.desktop
# default
.INCLUDE_DIRS = /usr/include /usr/local/include /usr/include
# environment
GJS_DEBUG_OUTPUT = stderr
# makefile (from 'Makefile', line 2)
NAME = cub3D
# default
.RECIPEPREFIX := 
# environment
LANG = C
# environment
TERM = xterm-256color
# environment
DOCKER_HOST = unix:///run/user/32509/docker.sock
# environment
VSCODE_PID = 49355
# variable set hash-table stats:
# Load=120/1024=12%, Rehash=0, Collisions=19/155=12%

# Pattern-specific Variable Values

# No pattern-specific variable values.

# Directories

# . (device 56, inode 264209311): 17 files, no impossibilities.
# srcs (device 56, inode 264219929): No files, no impossibilities so far.

# 17 files, no impossibilities in 2 directories.

# Implicit Rules

obj/%.o: srcs/%.c
#  recipe to execute (from 'Makefile', line 77):
	@$(CC) $(CFLAGS) -o $@ -c $<

# 1 implicit rules, 0 (0.0%) terminal.

# Files

# Not a target:
obj/calc/ft_range.o:
#  Implicit rule search has not been done.
 
#  Modification time never checked.
#  File has not been updated.

-L:
#  Implicit rule search has not been done.
#  Modification time never checked.
#  File has not been updated.
#  recipe to execute (from 'Makefile', line 65):
	@make -sC $(LIBFT_DIR)

all: obj cub3D
#  Phony target (prerequisite of .PHONY).
#  Command line target.
#  Implicit rule search has not been done.
#  File does not exist.
#  File has been updated.
#  Needs to be updated (-q is set).
# variable set hash-table stats:
# Load=0/32=0%, Rehash=0, Collisions=0/3=0%

.PHONY: all clean fclean re obj
#  Implicit rule search has not been done.
#  Modification time never checked.
#  File has not been updated.

cub3D: obj/calc/ft_pytha.o obj/calc/ft_range.o obj/calc/ft_thales.o obj/calc/ft_vc.o obj/calc/ft_hc.o obj/disp/ft_screen.o obj/disp/ft_window.o obj/move/ft_entry_key.o obj/move/ft_position.o obj/parsing/ft_check_file_name.o obj/parsing/ft_parsing_map_data.o obj/parsing/ft_parsing_map_map.o obj/parsing/ft_parsing_map_utils.o obj/parsing/ft_parsing_map.o obj/parsing/ft_parsing_utils.o obj/parsing/ft_structs.o obj/utils/ft_error_1.o obj/utils/ft_utils.o -L libft/libft.a
#  Implicit rule search has not been done.
#  Modification time never checked.
#  File has not been updated.
#  recipe to execute (from 'Makefile', line 61):
	@$(CC) $(MAIN_C) $(CFLAGS)  $(OBJ) $(MLXFLAGS) ./mlx/libmlx_Linux.a ./mlx/libmlx.a   ./libft.a -o $(NAME)
	$(DONE)

# Not a target:
.SUFFIXES:
#  Implicit rule search has not been done.
#  Modification time never checked.
#  File has not been updated.

# Not a target:
Makefile:
#  Implicit rule search has been done.
#  Last modified 2022-06-17 12:57:39.678661477
#  File has been updated.
#  Successfully updated.

# Not a target:
obj/parsing/ft_parsing_map_map.o:
#  Implicit rule search has not been done.
#  Modification time never checked.
#  File has not been updated.

# Not a target:
obj/parsing/ft_check_file_name.o:
#  Implicit rule search has not been done.
#  Modification time never checked.
#  File has not been updated.

# Not a target:
obj/calc/ft_thales.o:
#  Implicit rule search has not been done.
#  Modification time never checked.
#  File has not been updated.

# Not a target:
obj/calc/ft_vc.o:
#  Implicit rule search has not been done.
#  Modification time never checked.
#  File has not been updated.

# Not a target:
obj/calc/ft_hc.o:
#  Implicit rule search has not been done.
#  Modification time never checked.
#  File has not been updated.

# Not a target:
obj/parsing/ft_parsing_map_data.o:
#  Implicit rule search has not been done.
#  Modification time never checked.
#  File has not been updated.

libft/libft.a:
#  Implicit rule search has not been done.
#  Modification time never checked.
#  File has not been updated.
#  recipe to execute (from 'Makefile', line 65):
	@make -sC $(LIBFT_DIR)

fclean: clean
#  Phony target (prerequisite of .PHONY).
#  Implicit rule search has not been done.
#  File does not exist.
#  File has not been updated.
#  recipe to execute (from 'Makefile', line 85):
	@make fclean -sC $(LIBFT_DIR)
	@${RM} ${NAME}
	$(CLEAN_A)

# Not a target:
obj/disp/ft_screen.o:
#  Implicit rule search has not been done.
#  Modification time never checked.
#  File has not been updated.

obj:
#  Phony target (prerequisite of .PHONY).
#  Implicit rule search has not been done.
#  Implicit/static pattern stem: ''
#  File does not exist.
#  File has been updated.
#  Needs to be updated (-q is set).
# automatic
# @ := obj
# automatic
# % := 
# automatic
# * := 
# automatic
# + := 
# automatic
# | := 
# automatic
# < := 
# automatic
# ^ := 
# automatic
# ? := 
# variable set hash-table stats:
# Load=8/32=25%, Rehash=0, Collisions=1/11=9%
#  recipe to execute (from 'Makefile', line 68):
	@mkdir -p obj
	@mkdir -p obj/calc
	@mkdir -p obj/disp
	@mkdir -p obj/move
	@mkdir -p obj/utils
	@mkdir -p obj/parsing

# Not a target:
.DEFAULT:
#  Implicit rule search has not been done.
#  Modification time never checked.
#  File has not been updated.

# Not a target:
obj/parsing/ft_parsing_map_utils.o:
#  Implicit rule search has not been done.
#  Modification time never checked.
#  File has not been updated.

# Not a target:
obj/utils/ft_error_1.o:
#  Implicit rule search has not been done.
#  Modification time never checked.
#  File has not been updated.

re: fclean all
#  Phony target (prerequisite of .PHONY).
#  Implicit rule search has not been done.
#  File does not exist.
#  File has not been updated.

# Not a target:
obj/calc/ft_pytha.o:
#  Implicit rule search has not been done.
#  Modification time never checked.
#  File has not been updated.

clean:
#  Phony target (prerequisite of .PHONY).
#  Implicit rule search has not been done.
#  File does not exist.
#  File has not been updated.
#  recipe to execute (from 'Makefile', line 80):
	@make clean -sC $(LIBFT_DIR)
	@${RM} obj ${OBJ}
	$(CLEAN_O)

# Not a target:
obj/move/ft_entry_key.o:
#  Implicit rule search has not been done.
#  Modification time never checked.
#  File has not been updated.

# Not a target:
obj/disp/ft_window.o:
#  Implicit rule search has not been done.
#  Modification time never checked.
#  File has not been updated.

# Not a target:
obj/parsing/ft_structs.o:
#  Implicit rule search has not been done.
#  Modification time never checked.
#  File has not been updated.

# Not a target:
obj/move/ft_position.o:
#  Implicit rule search has not been done.
#  Modification time never checked.
#  File has not been updated.

# Not a target:
obj/utils/ft_utils.o:
#  Implicit rule search has not been done.
#  Modification time never checked.
#  File has not been updated.

# Not a target:
obj/parsing/ft_parsing_utils.o:
#  Implicit rule search has not been done.
#  Modification time never checked.
#  File has not been updated.

# Not a target:
obj/parsing/ft_parsing_map.o:
#  Implicit rule search has not been done.
#  Modification time never checked.
#  File has not been updated.

# files hash-table stats:
# Load=30/1024=3%, Rehash=0, Collisions=4/76=5%
# VPATH Search Paths

# No 'vpath' search paths.

# No general ('VPATH' variable) search path.

# strcache buffers: 1 (0) / strings = 48 / storage = 675 B / avg = 14 B
# current buf: size = 8162 B / used = 675 B / count = 48 / avg = 14 B

# strcache performance: lookups = 78 / hit rate = 38%
# hash-table stats:
# Load=48/8192=1%, Rehash=0, Collisions=1/78=1%
# Finished Make data base on Fri Jun 17 12:58:24 2022

 
